<?xml version="1.0" encoding="UTF-8"?>
<!-- Generated by org.testng.reporters.JUnitXMLReporter -->
<testsuite ignored="0" hostname="QT-INHD-LT0112" failures="0" tests="1" name="Test" time="0.051" errors="0" timestamp="29 Dec 2022 07:37:25 GMT">
  <testcase classname="lx_tests.LoginPage" name="@BeforeTest navigatToBrowser" time="0.023">
    <failure type="java.lang.NullPointerException" message="Cannot invoke &amp;quot;org.openqa.selenium.WebDriver.findElement(org.openqa.selenium.By)&amp;quot; because &amp;quot;pageobjects.PO_HomePage.driver&amp;quot; is null">
      <![CDATA[java.lang.NullPointerException: Cannot invoke "org.openqa.selenium.WebDriver.findElement(org.openqa.selenium.By)" because "pageobjects.PO_HomePage.driver" is null
at pageobjects.PO_HomePage.getwelcomeTitle(PO_HomePage.java:16)
at lx_tests.LoginPage.navigatToBrowser(LoginPage.java:31)
... Removed 28 stack frames]]>
    </failure>
  </testcase> <!-- @BeforeTest navigatToBrowser -->
  <testcase classname="resources.Base" name="@BeforeMethod initializeDriver" time="0.0">
    <skipped/>
  </testcase> <!-- @BeforeMethod initializeDriver -->
  <testcase classname="resources.Base" name="@AfterMethod quitBrowser" time="0.0">
    <skipped/>
  </testcase> <!-- @AfterMethod quitBrowser -->
  <testcase classname="lx_tests.TitleValidations" name="validateWelcomeTitle" time="0.0">
    <skipped/>
  </testcase> <!-- validateWelcomeTitle -->
</testsuite> <!-- Test -->
